<?xml version="1.0" encoding="UTF-8"?>
<testsuite xmlns:xsi="http://www.w3.org/2001/XMLSchema-instance" xsi:noNamespaceSchemaLocation="https://maven.apache.org/surefire/maven-surefire-plugin/xsd/surefire-test-report-3.0.xsd" version="3.0" name="org.example.MainTest" time="0.158" tests="49" errors="0" skipped="0" failures="0">
  <properties>
    <property name="java.specification.version" value="17"/>
    <property name="sun.cpu.isalist" value="amd64"/>
    <property name="sun.jnu.encoding" value="Cp1252"/>
    <property name="java.class.path" value="A:\Software Testing Project\Mutation_Testing_Java\target\test-classes;A:\Software Testing Project\Mutation_Testing_Java\target\classes;C:\Users\ACER\.m2\repository\org\junit\jupiter\junit-jupiter\5.10.0\junit-jupiter-5.10.0.jar;C:\Users\ACER\.m2\repository\org\junit\jupiter\junit-jupiter-api\5.10.0\junit-jupiter-api-5.10.0.jar;C:\Users\ACER\.m2\repository\org\opentest4j\opentest4j\1.3.0\opentest4j-1.3.0.jar;C:\Users\ACER\.m2\repository\org\junit\platform\junit-platform-commons\1.10.0\junit-platform-commons-1.10.0.jar;C:\Users\ACER\.m2\repository\org\apiguardian\apiguardian-api\1.1.2\apiguardian-api-1.1.2.jar;C:\Users\ACER\.m2\repository\org\junit\jupiter\junit-jupiter-params\5.10.0\junit-jupiter-params-5.10.0.jar;C:\Users\ACER\.m2\repository\org\junit\jupiter\junit-jupiter-engine\5.10.0\junit-jupiter-engine-5.10.0.jar;C:\Users\ACER\.m2\repository\org\junit\platform\junit-platform-engine\1.10.0\junit-platform-engine-1.10.0.jar;C:\Users\ACER\.m2\repository\org\pitest\pitest-junit5-plugin\1.2.0\pitest-junit5-plugin-1.2.0.jar;C:\Users\ACER\.m2\repository\org\junit\platform\junit-platform-launcher\1.9.2\junit-platform-launcher-1.9.2.jar;"/>
    <property name="java.vm.vendor" value="Oracle Corporation"/>
    <property name="sun.arch.data.model" value="64"/>
    <property name="user.variant" value=""/>
    <property name="java.vendor.url" value="https://java.oracle.com/"/>
    <property name="user.timezone" value="Asia/Calcutta"/>
    <property name="os.name" value="Windows 11"/>
    <property name="java.vm.specification.version" value="17"/>
    <property name="sun.java.launcher" value="SUN_STANDARD"/>
    <property name="user.country" value="US"/>
    <property name="sun.boot.library.path" value="C:\Program Files\Java\jdk-17\bin"/>
    <property name="sun.java.command" value="C:\Users\ACER\AppData\Local\Temp\surefire641237220858425492\surefirebooter-20241126161956205_3.jar C:\Users\ACER\AppData\Local\Temp\surefire641237220858425492 2024-11-26T16-19-55_972-jvmRun1 surefire-20241126161956205_1tmp surefire_0-20241126161956205_2tmp"/>
    <property name="jdk.debug" value="release"/>
    <property name="surefire.test.class.path" value="A:\Software Testing Project\Mutation_Testing_Java\target\test-classes;A:\Software Testing Project\Mutation_Testing_Java\target\classes;C:\Users\ACER\.m2\repository\org\junit\jupiter\junit-jupiter\5.10.0\junit-jupiter-5.10.0.jar;C:\Users\ACER\.m2\repository\org\junit\jupiter\junit-jupiter-api\5.10.0\junit-jupiter-api-5.10.0.jar;C:\Users\ACER\.m2\repository\org\opentest4j\opentest4j\1.3.0\opentest4j-1.3.0.jar;C:\Users\ACER\.m2\repository\org\junit\platform\junit-platform-commons\1.10.0\junit-platform-commons-1.10.0.jar;C:\Users\ACER\.m2\repository\org\apiguardian\apiguardian-api\1.1.2\apiguardian-api-1.1.2.jar;C:\Users\ACER\.m2\repository\org\junit\jupiter\junit-jupiter-params\5.10.0\junit-jupiter-params-5.10.0.jar;C:\Users\ACER\.m2\repository\org\junit\jupiter\junit-jupiter-engine\5.10.0\junit-jupiter-engine-5.10.0.jar;C:\Users\ACER\.m2\repository\org\junit\platform\junit-platform-engine\1.10.0\junit-platform-engine-1.10.0.jar;C:\Users\ACER\.m2\repository\org\pitest\pitest-junit5-plugin\1.2.0\pitest-junit5-plugin-1.2.0.jar;C:\Users\ACER\.m2\repository\org\junit\platform\junit-platform-launcher\1.9.2\junit-platform-launcher-1.9.2.jar;"/>
    <property name="sun.cpu.endian" value="little"/>
    <property name="user.home" value="C:\Users\ACER"/>
    <property name="user.language" value="en"/>
    <property name="java.specification.vendor" value="Oracle Corporation"/>
    <property name="java.version.date" value="2024-07-16"/>
    <property name="java.home" value="C:\Program Files\Java\jdk-17"/>
    <property name="file.separator" value="\"/>
    <property name="basedir" value="A:\Software Testing Project\Mutation_Testing_Java"/>
    <property name="java.vm.compressedOopsMode" value="32-bit"/>
    <property name="line.separator" value="&#10;"/>
    <property name="java.vm.specification.vendor" value="Oracle Corporation"/>
    <property name="java.specification.name" value="Java Platform API Specification"/>
    <property name="surefire.real.class.path" value="C:\Users\ACER\AppData\Local\Temp\surefire641237220858425492\surefirebooter-20241126161956205_3.jar"/>
    <property name="user.script" value=""/>
    <property name="sun.management.compiler" value="HotSpot 64-Bit Tiered Compilers"/>
    <property name="java.runtime.version" value="17.0.12+8-LTS-286"/>
    <property name="user.name" value="ACER"/>
    <property name="path.separator" value=";"/>
    <property name="os.version" value="10.0"/>
    <property name="java.runtime.name" value="Java(TM) SE Runtime Environment"/>
    <property name="file.encoding" value="Cp1252"/>
    <property name="java.vm.name" value="Java HotSpot(TM) 64-Bit Server VM"/>
    <property name="localRepository" value="C:\Users\ACER\.m2\repository"/>
    <property name="java.vendor.url.bug" value="https://bugreport.java.com/bugreport/"/>
    <property name="java.io.tmpdir" value="C:\Users\ACER\AppData\Local\Temp\"/>
    <property name="java.version" value="17.0.12"/>
    <property name="user.dir" value="A:\Software Testing Project\Mutation_Testing_Java"/>
    <property name="os.arch" value="amd64"/>
    <property name="java.vm.specification.name" value="Java Virtual Machine Specification"/>
    <property name="sun.os.patch.level" value=""/>
    <property name="native.encoding" value="Cp1252"/>
    <property name="java.library.path" value="C:\Program Files\Java\jdk-17\bin;C:\Windows\Sun\Java\bin;C:\Windows\system32;C:\Windows;C:\Program Files\Common Files\Oracle\Java\javapath;C:\Windows\system32;C:\Windows;C:\Windows\System32\Wbem;C:\Windows\System32\WindowsPowerShell\v1.0\;C:\Windows\System32\OpenSSH\;MAVEN_HOME;C:\Program Files\JetBrains\IntelliJ IDEA 2024.3\plugins\maven\lib\maven3\bin;C:\Program Files\Java\jdk-17\bin;C:\Program Files\nodejs\;C:\Program Files\Git\cmd;C:\Users\ACER\AppData\Local\Microsoft\WindowsApps;C:\apache-maven-3.9.6\apache-maven-3.9.6\bin;C:\Users\ACER\AppData\Local\Programs\Microsoft VS Code\bin;C:\msys64\ucrt64\bin;C:\Users\ACER\AppData\Roaming\npm;."/>
    <property name="java.vm.info" value="mixed mode, sharing"/>
    <property name="java.vendor" value="Oracle Corporation"/>
    <property name="java.vm.version" value="17.0.12+8-LTS-286"/>
    <property name="sun.io.unicode.encoding" value="UnicodeLittle"/>
    <property name="java.class.version" value="61.0"/>
  </properties>
  <testcase name="testRabinKarp" classname="org.example.MainTest" time="0.036"/>
  <testcase name="testKnapsackAndArrayUtilities" classname="org.example.MainTest" time="0.001"/>
  <testcase name="testDivisorsAndPerfectNumbersIntegration" classname="org.example.MainTest" time="0.007"/>
  <testcase name="testFindMaxEmptyArray" classname="org.example.MainTest" time="0.002"/>
  <testcase name="testBFS" classname="org.example.MainTest" time="0.001"/>
  <testcase name="testGCD" classname="org.example.MainTest" time="0.001"/>
  <testcase name="testLCM" classname="org.example.MainTest" time="0.001"/>
  <testcase name="testLCS" classname="org.example.MainTest" time="0.001"/>
  <testcase name="testLIS" classname="org.example.MainTest" time="0.002"/>
  <testcase name="testKnapsackAndMaxValueIntegration" classname="org.example.MainTest" time="0.001"/>
  <testcase name="testIsPerfectNumber" classname="org.example.MainTest" time="0.001"/>
  <testcase name="testDivisorsOf1" classname="org.example.MainTest" time="0.004"/>
  <testcase name="testArmstrongNumbers" classname="org.example.MainTest" time="0.001"/>
  <testcase name="testStringMatchingIntegration" classname="org.example.MainTest" time="0.001"/>
  <testcase name="testLcsAndLisIntegration" classname="org.example.MainTest" time="0.0"/>
  <testcase name="testFindMax" classname="org.example.MainTest" time="0.001"/>
  <testcase name="testPower" classname="org.example.MainTest" time="0.001"/>
  <testcase name="testPrim" classname="org.example.MainTest" time="0.007"/>
  <testcase name="testDivisorsOfPrime7" classname="org.example.MainTest" time="0.001"/>
  <testcase name="testAreNotAnagrams" classname="org.example.MainTest" time="0.006"/>
  <testcase name="testIsPerfectNumber6" classname="org.example.MainTest" time="0.001"/>
  <testcase name="testIsPerfectNumber7" classname="org.example.MainTest" time="0.0"/>
  <testcase name="testBubbleSortEmptyArray" classname="org.example.MainTest" time="0.001"/>
  <testcase name="testReverseEmptyString" classname="org.example.MainTest" time="0.0"/>
  <testcase name="testAreAnagramsWithDifferentCases" classname="org.example.MainTest" time="0.001"/>
  <testcase name="testFactorialAndFibonacciIntegration" classname="org.example.MainTest" time="0.001"/>
  <testcase name="testReverseString" classname="org.example.MainTest" time="0.001"/>
  <testcase name="testFactorial" classname="org.example.MainTest" time="0.002"/>
  <testcase name="testFibonacci" classname="org.example.MainTest" time="0.0"/>
  <testcase name="testBubbleSort" classname="org.example.MainTest" time="0.001"/>
  <testcase name="testGcdAndLcmIntegration" classname="org.example.MainTest" time="0.001"/>
  <testcase name="testPalindromeAndReverseStringIntegration" classname="org.example.MainTest" time="0.001"/>
  <testcase name="testAreAnagramsWithSpecialCharacters" classname="org.example.MainTest" time="0.001"/>
  <testcase name="testDivisorsOfZero" classname="org.example.MainTest" time="0.001"/>
  <testcase name="testKnapsack" classname="org.example.MainTest" time="0.001"/>
  <testcase name="testSortingAndMaxValueIntegration" classname="org.example.MainTest" time="0.0"/>
  <testcase name="testBfsAndGraphIntegration" classname="org.example.MainTest" time="0.0"/>
  <testcase name="testIsPalindrome" classname="org.example.MainTest" time="0.0"/>
  <testcase name="testDivisorsOf28" classname="org.example.MainTest" time="0.001"/>
  <testcase name="testLargestPrimeFactor" classname="org.example.MainTest" time="0.001"/>
  <testcase name="testDijkstra" classname="org.example.MainTest" time="0.0"/>
  <testcase name="testReverseSingleCharacterString" classname="org.example.MainTest" time="0.001"/>
  <testcase name="testBinarySearch" classname="org.example.MainTest" time="0.001"/>
  <testcase name="testAreAnagrams" classname="org.example.MainTest" time="0.001"/>
  <testcase name="testSieveOfEratosthenes" classname="org.example.MainTest" time="0.002"/>
  <testcase name="testIsPerfectNumber28" classname="org.example.MainTest" time="0.0"/>
  <testcase name="testFindMaxNegativeNumbers" classname="org.example.MainTest" time="0.0"/>
  <testcase name="testFindDivisors" classname="org.example.MainTest" time="0.0"/>
  <testcase name="testKMPSearch" classname="org.example.MainTest" time="0.0"/>
</testsuite>